<?xml version="1.0" encoding="UTF-8"?>
<testsuite xmlns:xsi="http://www.w3.org/2001/XMLSchema-instance" xsi:noNamespaceSchemaLocation="https://maven.apache.org/surefire/maven-surefire-plugin/xsd/surefire-test-report-3.0.xsd" version="3.0" name="com.farao_community.farao.gridcapa_cse_valid.starter.CseValidClientAutoConfigurationTest" time="1.568" tests="1" errors="0" skipped="0" failures="0">
  <properties>
    <property name="awt.toolkit" value="sun.awt.X11.XToolkit"/>
    <property name="java.specification.version" value="11"/>
    <property name="sun.cpu.isalist" value=""/>
    <property name="sun.jnu.encoding" value="UTF-8"/>
    <property name="java.class.path" value="/home/runner/work/gridcapa-cse-valid/gridcapa-cse-valid/gridcapa-cse-valid-spring-boot-starter/target/test-classes:/home/runner/work/gridcapa-cse-valid/gridcapa-cse-valid/gridcapa-cse-valid-spring-boot-starter/target/classes:/home/runner/work/gridcapa-cse-valid/gridcapa-cse-valid/gridcapa-cse-valid-api/target/gridcapa-cse-valid-api-1.0.0.jar:/home/runner/.m2/repository/com/fasterxml/jackson/datatype/jackson-datatype-jsr310/2.13.1/jackson-datatype-jsr310-2.13.1.jar:/home/runner/.m2/repository/com/fasterxml/jackson/core/jackson-annotations/2.13.1/jackson-annotations-2.13.1.jar:/home/runner/.m2/repository/com/fasterxml/jackson/core/jackson-core/2.13.1/jackson-core-2.13.1.jar:/home/runner/.m2/repository/com/fasterxml/jackson/core/jackson-databind/2.13.1/jackson-databind-2.13.1.jar:/home/runner/.m2/repository/com/fasterxml/jackson/datatype/jackson-datatype-jdk8/2.13.2/jackson-datatype-jdk8-2.13.2.jar:/home/runner/.m2/repository/com/github/jasminb/jsonapi-converter/0.11/jsonapi-converter-0.11.jar:/home/runner/.m2/repository/com/squareup/retrofit2/retrofit/2.5.0/retrofit-2.5.0.jar:/home/runner/.m2/repository/com/squareup/okhttp3/okhttp/3.14.9/okhttp-3.14.9.jar:/home/runner/.m2/repository/com/squareup/okio/okio/1.17.2/okio-1.17.2.jar:/home/runner/.m2/repository/org/jetbrains/annotations/17.0.0/annotations-17.0.0.jar:/home/runner/.m2/repository/org/apache/commons/commons-lang3/3.11/commons-lang3-3.11.jar:/home/runner/.m2/repository/org/springframework/boot/spring-boot-configuration-processor/2.6.2/spring-boot-configuration-processor-2.6.2.jar:/home/runner/.m2/repository/org/springframework/boot/spring-boot-starter-amqp/2.6.2/spring-boot-starter-amqp-2.6.2.jar:/home/runner/.m2/repository/org/springframework/boot/spring-boot-starter/2.6.2/spring-boot-starter-2.6.2.jar:/home/runner/.m2/repository/org/springframework/boot/spring-boot/2.6.2/spring-boot-2.6.2.jar:/home/runner/.m2/repository/org/springframework/boot/spring-boot-autoconfigure/2.6.2/spring-boot-autoconfigure-2.6.2.jar:/home/runner/.m2/repository/org/springframework/boot/spring-boot-starter-logging/2.6.2/spring-boot-starter-logging-2.6.2.jar:/home/runner/.m2/repository/ch/qos/logback/logback-classic/1.2.9/logback-classic-1.2.9.jar:/home/runner/.m2/repository/ch/qos/logback/logback-core/1.2.9/logback-core-1.2.9.jar:/home/runner/.m2/repository/org/apache/logging/log4j/log4j-to-slf4j/2.17.0/log4j-to-slf4j-2.17.0.jar:/home/runner/.m2/repository/org/apache/logging/log4j/log4j-api/2.17.0/log4j-api-2.17.0.jar:/home/runner/.m2/repository/org/slf4j/jul-to-slf4j/1.7.32/jul-to-slf4j-1.7.32.jar:/home/runner/.m2/repository/jakarta/annotation/jakarta.annotation-api/1.3.5/jakarta.annotation-api-1.3.5.jar:/home/runner/.m2/repository/org/yaml/snakeyaml/1.29/snakeyaml-1.29.jar:/home/runner/.m2/repository/org/springframework/spring-messaging/5.3.14/spring-messaging-5.3.14.jar:/home/runner/.m2/repository/org/springframework/spring-beans/5.3.14/spring-beans-5.3.14.jar:/home/runner/.m2/repository/org/springframework/amqp/spring-rabbit/2.4.1/spring-rabbit-2.4.1.jar:/home/runner/.m2/repository/org/springframework/amqp/spring-amqp/2.4.1/spring-amqp-2.4.1.jar:/home/runner/.m2/repository/org/springframework/retry/spring-retry/1.3.1/spring-retry-1.3.1.jar:/home/runner/.m2/repository/javax/annotation/javax.annotation-api/1.3.2/javax.annotation-api-1.3.2.jar:/home/runner/.m2/repository/com/rabbitmq/amqp-client/5.13.1/amqp-client-5.13.1.jar:/home/runner/.m2/repository/org/springframework/spring-context/5.3.14/spring-context-5.3.14.jar:/home/runner/.m2/repository/org/springframework/spring-aop/5.3.14/spring-aop-5.3.14.jar:/home/runner/.m2/repository/org/springframework/spring-expression/5.3.14/spring-expression-5.3.14.jar:/home/runner/.m2/repository/org/springframework/spring-tx/5.3.14/spring-tx-5.3.14.jar:/home/runner/.m2/repository/org/springframework/boot/spring-boot-starter-test/2.6.2/spring-boot-starter-test-2.6.2.jar:/home/runner/.m2/repository/org/springframework/boot/spring-boot-test/2.6.2/spring-boot-test-2.6.2.jar:/home/runner/.m2/repository/org/springframework/boot/spring-boot-test-autoconfigure/2.6.2/spring-boot-test-autoconfigure-2.6.2.jar:/home/runner/.m2/repository/com/jayway/jsonpath/json-path/2.6.0/json-path-2.6.0.jar:/home/runner/.m2/repository/net/minidev/json-smart/2.4.7/json-smart-2.4.7.jar:/home/runner/.m2/repository/net/minidev/accessors-smart/2.4.7/accessors-smart-2.4.7.jar:/home/runner/.m2/repository/org/ow2/asm/asm/9.1/asm-9.1.jar:/home/runner/.m2/repository/org/slf4j/slf4j-api/1.7.32/slf4j-api-1.7.32.jar:/home/runner/.m2/repository/jakarta/xml/bind/jakarta.xml.bind-api/2.3.3/jakarta.xml.bind-api-2.3.3.jar:/home/runner/.m2/repository/jakarta/activation/jakarta.activation-api/1.2.2/jakarta.activation-api-1.2.2.jar:/home/runner/.m2/repository/org/assertj/assertj-core/3.21.0/assertj-core-3.21.0.jar:/home/runner/.m2/repository/org/hamcrest/hamcrest/2.2/hamcrest-2.2.jar:/home/runner/.m2/repository/org/junit/jupiter/junit-jupiter/5.8.2/junit-jupiter-5.8.2.jar:/home/runner/.m2/repository/org/junit/jupiter/junit-jupiter-api/5.8.2/junit-jupiter-api-5.8.2.jar:/home/runner/.m2/repository/org/opentest4j/opentest4j/1.2.0/opentest4j-1.2.0.jar:/home/runner/.m2/repository/org/junit/platform/junit-platform-commons/1.8.2/junit-platform-commons-1.8.2.jar:/home/runner/.m2/repository/org/apiguardian/apiguardian-api/1.1.2/apiguardian-api-1.1.2.jar:/home/runner/.m2/repository/org/junit/jupiter/junit-jupiter-params/5.8.2/junit-jupiter-params-5.8.2.jar:/home/runner/.m2/repository/org/junit/jupiter/junit-jupiter-engine/5.8.2/junit-jupiter-engine-5.8.2.jar:/home/runner/.m2/repository/org/junit/platform/junit-platform-engine/1.8.2/junit-platform-engine-1.8.2.jar:/home/runner/.m2/repository/org/mockito/mockito-core/4.0.0/mockito-core-4.0.0.jar:/home/runner/.m2/repository/net/bytebuddy/byte-buddy/1.11.22/byte-buddy-1.11.22.jar:/home/runner/.m2/repository/net/bytebuddy/byte-buddy-agent/1.11.22/byte-buddy-agent-1.11.22.jar:/home/runner/.m2/repository/org/objenesis/objenesis/3.2/objenesis-3.2.jar:/home/runner/.m2/repository/org/mockito/mockito-junit-jupiter/4.0.0/mockito-junit-jupiter-4.0.0.jar:/home/runner/.m2/repository/org/skyscreamer/jsonassert/1.5.0/jsonassert-1.5.0.jar:/home/runner/.m2/repository/com/vaadin/external/google/android-json/0.0.20131108.vaadin1/android-json-0.0.20131108.vaadin1.jar:/home/runner/.m2/repository/org/springframework/spring-core/5.3.14/spring-core-5.3.14.jar:/home/runner/.m2/repository/org/springframework/spring-jcl/5.3.14/spring-jcl-5.3.14.jar:/home/runner/.m2/repository/org/springframework/spring-test/5.3.14/spring-test-5.3.14.jar:/home/runner/.m2/repository/org/xmlunit/xmlunit-core/2.8.4/xmlunit-core-2.8.4.jar:"/>
    <property name="java.vm.vendor" value="Azul Systems, Inc."/>
    <property name="sun.arch.data.model" value="64"/>
    <property name="java.vendor.url" value="http://www.azul.com/"/>
    <property name="user.timezone" value="Etc/UTC"/>
    <property name="java.vm.specification.version" value="11"/>
    <property name="os.name" value="Linux"/>
    <property name="sun.java.launcher" value="SUN_STANDARD"/>
    <property name="sun.boot.library.path" value="/opt/hostedtoolcache/jdk/11.0.15/x64/lib"/>
    <property name="sun.java.command" value="/home/runner/work/gridcapa-cse-valid/gridcapa-cse-valid/gridcapa-cse-valid-spring-boot-starter/target/surefire/surefirebooter7802570633146116339.jar /home/runner/work/gridcapa-cse-valid/gridcapa-cse-valid/gridcapa-cse-valid-spring-boot-starter/target/surefire 2022-04-20T12-21-30_362-jvmRun1 surefire4109352723213233234tmp surefire_27510191813918435022tmp"/>
    <property name="jdk.debug" value="release"/>
    <property name="surefire.test.class.path" value="/home/runner/work/gridcapa-cse-valid/gridcapa-cse-valid/gridcapa-cse-valid-spring-boot-starter/target/test-classes:/home/runner/work/gridcapa-cse-valid/gridcapa-cse-valid/gridcapa-cse-valid-spring-boot-starter/target/classes:/home/runner/work/gridcapa-cse-valid/gridcapa-cse-valid/gridcapa-cse-valid-api/target/gridcapa-cse-valid-api-1.0.0.jar:/home/runner/.m2/repository/com/fasterxml/jackson/datatype/jackson-datatype-jsr310/2.13.1/jackson-datatype-jsr310-2.13.1.jar:/home/runner/.m2/repository/com/fasterxml/jackson/core/jackson-annotations/2.13.1/jackson-annotations-2.13.1.jar:/home/runner/.m2/repository/com/fasterxml/jackson/core/jackson-core/2.13.1/jackson-core-2.13.1.jar:/home/runner/.m2/repository/com/fasterxml/jackson/core/jackson-databind/2.13.1/jackson-databind-2.13.1.jar:/home/runner/.m2/repository/com/fasterxml/jackson/datatype/jackson-datatype-jdk8/2.13.2/jackson-datatype-jdk8-2.13.2.jar:/home/runner/.m2/repository/com/github/jasminb/jsonapi-converter/0.11/jsonapi-converter-0.11.jar:/home/runner/.m2/repository/com/squareup/retrofit2/retrofit/2.5.0/retrofit-2.5.0.jar:/home/runner/.m2/repository/com/squareup/okhttp3/okhttp/3.14.9/okhttp-3.14.9.jar:/home/runner/.m2/repository/com/squareup/okio/okio/1.17.2/okio-1.17.2.jar:/home/runner/.m2/repository/org/jetbrains/annotations/17.0.0/annotations-17.0.0.jar:/home/runner/.m2/repository/org/apache/commons/commons-lang3/3.11/commons-lang3-3.11.jar:/home/runner/.m2/repository/org/springframework/boot/spring-boot-configuration-processor/2.6.2/spring-boot-configuration-processor-2.6.2.jar:/home/runner/.m2/repository/org/springframework/boot/spring-boot-starter-amqp/2.6.2/spring-boot-starter-amqp-2.6.2.jar:/home/runner/.m2/repository/org/springframework/boot/spring-boot-starter/2.6.2/spring-boot-starter-2.6.2.jar:/home/runner/.m2/repository/org/springframework/boot/spring-boot/2.6.2/spring-boot-2.6.2.jar:/home/runner/.m2/repository/org/springframework/boot/spring-boot-autoconfigure/2.6.2/spring-boot-autoconfigure-2.6.2.jar:/home/runner/.m2/repository/org/springframework/boot/spring-boot-starter-logging/2.6.2/spring-boot-starter-logging-2.6.2.jar:/home/runner/.m2/repository/ch/qos/logback/logback-classic/1.2.9/logback-classic-1.2.9.jar:/home/runner/.m2/repository/ch/qos/logback/logback-core/1.2.9/logback-core-1.2.9.jar:/home/runner/.m2/repository/org/apache/logging/log4j/log4j-to-slf4j/2.17.0/log4j-to-slf4j-2.17.0.jar:/home/runner/.m2/repository/org/apache/logging/log4j/log4j-api/2.17.0/log4j-api-2.17.0.jar:/home/runner/.m2/repository/org/slf4j/jul-to-slf4j/1.7.32/jul-to-slf4j-1.7.32.jar:/home/runner/.m2/repository/jakarta/annotation/jakarta.annotation-api/1.3.5/jakarta.annotation-api-1.3.5.jar:/home/runner/.m2/repository/org/yaml/snakeyaml/1.29/snakeyaml-1.29.jar:/home/runner/.m2/repository/org/springframework/spring-messaging/5.3.14/spring-messaging-5.3.14.jar:/home/runner/.m2/repository/org/springframework/spring-beans/5.3.14/spring-beans-5.3.14.jar:/home/runner/.m2/repository/org/springframework/amqp/spring-rabbit/2.4.1/spring-rabbit-2.4.1.jar:/home/runner/.m2/repository/org/springframework/amqp/spring-amqp/2.4.1/spring-amqp-2.4.1.jar:/home/runner/.m2/repository/org/springframework/retry/spring-retry/1.3.1/spring-retry-1.3.1.jar:/home/runner/.m2/repository/javax/annotation/javax.annotation-api/1.3.2/javax.annotation-api-1.3.2.jar:/home/runner/.m2/repository/com/rabbitmq/amqp-client/5.13.1/amqp-client-5.13.1.jar:/home/runner/.m2/repository/org/springframework/spring-context/5.3.14/spring-context-5.3.14.jar:/home/runner/.m2/repository/org/springframework/spring-aop/5.3.14/spring-aop-5.3.14.jar:/home/runner/.m2/repository/org/springframework/spring-expression/5.3.14/spring-expression-5.3.14.jar:/home/runner/.m2/repository/org/springframework/spring-tx/5.3.14/spring-tx-5.3.14.jar:/home/runner/.m2/repository/org/springframework/boot/spring-boot-starter-test/2.6.2/spring-boot-starter-test-2.6.2.jar:/home/runner/.m2/repository/org/springframework/boot/spring-boot-test/2.6.2/spring-boot-test-2.6.2.jar:/home/runner/.m2/repository/org/springframework/boot/spring-boot-test-autoconfigure/2.6.2/spring-boot-test-autoconfigure-2.6.2.jar:/home/runner/.m2/repository/com/jayway/jsonpath/json-path/2.6.0/json-path-2.6.0.jar:/home/runner/.m2/repository/net/minidev/json-smart/2.4.7/json-smart-2.4.7.jar:/home/runner/.m2/repository/net/minidev/accessors-smart/2.4.7/accessors-smart-2.4.7.jar:/home/runner/.m2/repository/org/ow2/asm/asm/9.1/asm-9.1.jar:/home/runner/.m2/repository/org/slf4j/slf4j-api/1.7.32/slf4j-api-1.7.32.jar:/home/runner/.m2/repository/jakarta/xml/bind/jakarta.xml.bind-api/2.3.3/jakarta.xml.bind-api-2.3.3.jar:/home/runner/.m2/repository/jakarta/activation/jakarta.activation-api/1.2.2/jakarta.activation-api-1.2.2.jar:/home/runner/.m2/repository/org/assertj/assertj-core/3.21.0/assertj-core-3.21.0.jar:/home/runner/.m2/repository/org/hamcrest/hamcrest/2.2/hamcrest-2.2.jar:/home/runner/.m2/repository/org/junit/jupiter/junit-jupiter/5.8.2/junit-jupiter-5.8.2.jar:/home/runner/.m2/repository/org/junit/jupiter/junit-jupiter-api/5.8.2/junit-jupiter-api-5.8.2.jar:/home/runner/.m2/repository/org/opentest4j/opentest4j/1.2.0/opentest4j-1.2.0.jar:/home/runner/.m2/repository/org/junit/platform/junit-platform-commons/1.8.2/junit-platform-commons-1.8.2.jar:/home/runner/.m2/repository/org/apiguardian/apiguardian-api/1.1.2/apiguardian-api-1.1.2.jar:/home/runner/.m2/repository/org/junit/jupiter/junit-jupiter-params/5.8.2/junit-jupiter-params-5.8.2.jar:/home/runner/.m2/repository/org/junit/jupiter/junit-jupiter-engine/5.8.2/junit-jupiter-engine-5.8.2.jar:/home/runner/.m2/repository/org/junit/platform/junit-platform-engine/1.8.2/junit-platform-engine-1.8.2.jar:/home/runner/.m2/repository/org/mockito/mockito-core/4.0.0/mockito-core-4.0.0.jar:/home/runner/.m2/repository/net/bytebuddy/byte-buddy/1.11.22/byte-buddy-1.11.22.jar:/home/runner/.m2/repository/net/bytebuddy/byte-buddy-agent/1.11.22/byte-buddy-agent-1.11.22.jar:/home/runner/.m2/repository/org/objenesis/objenesis/3.2/objenesis-3.2.jar:/home/runner/.m2/repository/org/mockito/mockito-junit-jupiter/4.0.0/mockito-junit-jupiter-4.0.0.jar:/home/runner/.m2/repository/org/skyscreamer/jsonassert/1.5.0/jsonassert-1.5.0.jar:/home/runner/.m2/repository/com/vaadin/external/google/android-json/0.0.20131108.vaadin1/android-json-0.0.20131108.vaadin1.jar:/home/runner/.m2/repository/org/springframework/spring-core/5.3.14/spring-core-5.3.14.jar:/home/runner/.m2/repository/org/springframework/spring-jcl/5.3.14/spring-jcl-5.3.14.jar:/home/runner/.m2/repository/org/springframework/spring-test/5.3.14/spring-test-5.3.14.jar:/home/runner/.m2/repository/org/xmlunit/xmlunit-core/2.8.4/xmlunit-core-2.8.4.jar:"/>
    <property name="sun.cpu.endian" value="little"/>
    <property name="user.home" value="/home/runner"/>
    <property name="user.language" value="en"/>
    <property name="java.specification.vendor" value="Oracle Corporation"/>
    <property name="java.version.date" value="2022-04-19"/>
    <property name="java.home" value="/opt/hostedtoolcache/jdk/11.0.15/x64"/>
    <property name="file.separator" value="/"/>
    <property name="basedir" value="/home/runner/work/gridcapa-cse-valid/gridcapa-cse-valid/gridcapa-cse-valid-spring-boot-starter"/>
    <property name="java.vm.compressedOopsMode" value="32-bit"/>
    <property name="line.separator" value="&#10;"/>
    <property name="java.specification.name" value="Java Platform API Specification"/>
    <property name="java.vm.specification.vendor" value="Oracle Corporation"/>
    <property name="jdk.vendor.version" value="Zulu11.56+19-CA"/>
    <property name="java.awt.graphicsenv" value="sun.awt.X11GraphicsEnvironment"/>
    <property name="surefire.real.class.path" value="/home/runner/work/gridcapa-cse-valid/gridcapa-cse-valid/gridcapa-cse-valid-spring-boot-starter/target/surefire/surefirebooter7802570633146116339.jar"/>
    <property name="sun.management.compiler" value="HotSpot 64-Bit Tiered Compilers"/>
    <property name="java.runtime.version" value="11.0.15+10-LTS"/>
    <property name="user.name" value="runner"/>
    <property name="path.separator" value=":"/>
    <property name="os.version" value="5.13.0-1021-azure"/>
    <property name="java.runtime.name" value="OpenJDK Runtime Environment"/>
    <property name="file.encoding" value="UTF-8"/>
    <property name="java.vm.name" value="OpenJDK 64-Bit Server VM"/>
    <property name="java.vendor.version" value="Zulu11.56+19-CA"/>
    <property name="localRepository" value="/home/runner/.m2/repository"/>
    <property name="java.vendor.url.bug" value="http://www.azul.com/support/"/>
    <property name="java.io.tmpdir" value="/tmp"/>
    <property name="java.version" value="11.0.15"/>
    <property name="user.dir" value="/home/runner/work/gridcapa-cse-valid/gridcapa-cse-valid/gridcapa-cse-valid-spring-boot-starter"/>
    <property name="os.arch" value="amd64"/>
    <property name="java.vm.specification.name" value="Java Virtual Machine Specification"/>
    <property name="java.awt.printerjob" value="sun.print.PSPrinterJob"/>
    <property name="sun.os.patch.level" value="unknown"/>
    <property name="java.library.path" value="/usr/java/packages/lib:/usr/lib64:/lib64:/lib:/usr/lib"/>
    <property name="java.vm.info" value="mixed mode"/>
    <property name="java.vendor" value="Azul Systems, Inc."/>
    <property name="java.vm.version" value="11.0.15+10-LTS"/>
    <property name="sun.io.unicode.encoding" value="UnicodeLittle"/>
    <property name="java.class.version" value="55.0"/>
  </properties>
  <testcase name="registerCseValidClient" classname="com.farao_community.farao.gridcapa_cse_valid.starter.CseValidClientAutoConfigurationTest" time="1.562">
    <system-out><![CDATA[12:21:53.134 [main] DEBUG org.springframework.context.annotation.AnnotationConfigApplicationContext - Refreshing org.springframework.context.annotation.AnnotationConfigApplicationContext@52f7fa65
12:21:53.163 [main] DEBUG org.springframework.beans.factory.support.DefaultListableBeanFactory - Creating shared instance of singleton bean 'org.springframework.context.annotation.internalConfigurationAnnotationProcessor'
12:21:53.395 [main] DEBUG org.springframework.beans.factory.support.DefaultListableBeanFactory - Creating shared instance of singleton bean 'org.springframework.context.event.internalEventListenerProcessor'
12:21:53.398 [main] DEBUG org.springframework.beans.factory.support.DefaultListableBeanFactory - Creating shared instance of singleton bean 'org.springframework.context.event.internalEventListenerFactory'
12:21:53.400 [main] DEBUG org.springframework.beans.factory.support.DefaultListableBeanFactory - Creating shared instance of singleton bean 'org.springframework.context.annotation.internalAutowiredAnnotationProcessor'
12:21:53.403 [main] DEBUG org.springframework.beans.factory.support.DefaultListableBeanFactory - Creating shared instance of singleton bean 'org.springframework.context.annotation.internalCommonAnnotationProcessor'
12:21:53.410 [main] DEBUG org.springframework.beans.factory.support.DefaultListableBeanFactory - Creating shared instance of singleton bean 'org.springframework.boot.context.properties.ConfigurationPropertiesBindingPostProcessor'
12:21:53.410 [main] DEBUG org.springframework.beans.factory.support.DefaultListableBeanFactory - Creating shared instance of singleton bean 'org.springframework.boot.context.internalConfigurationPropertiesBinder'
12:21:53.410 [main] DEBUG org.springframework.beans.factory.support.DefaultListableBeanFactory - Creating shared instance of singleton bean 'org.springframework.boot.context.internalConfigurationPropertiesBinderFactory'
12:21:53.423 [main] DEBUG org.springframework.beans.factory.support.DefaultListableBeanFactory - Creating shared instance of singleton bean 'amqpTemplate'
12:21:53.560 [main] DEBUG org.springframework.beans.factory.support.DefaultListableBeanFactory - Creating shared instance of singleton bean 'cseValidClientAutoConfiguration'
12:21:53.595 [main] DEBUG org.springframework.core.LocalVariableTableParameterNameDiscoverer - Cannot find '.class' file for class [class com.farao_community.farao.gridcapa_cse_valid.starter.CseValidClientAutoConfiguration$$EnhancerBySpringCGLIB$$1f24f817] - unable to determine constructor/method parameter names
12:21:53.599 [main] DEBUG org.springframework.beans.factory.support.DefaultListableBeanFactory - Creating shared instance of singleton bean 'cse-valid-runner-com.farao_community.farao.gridcapa_cse_valid.starter.CseValidClientProperties'
12:21:53.608 [main] DEBUG org.springframework.beans.factory.support.DefaultListableBeanFactory - Creating shared instance of singleton bean 'org.springframework.boot.context.properties.BoundConfigurationProperties'
12:21:53.815 [main] DEBUG org.springframework.beans.factory.support.DefaultListableBeanFactory - Autowiring by type from bean name 'cseValidClientAutoConfiguration' via constructor to bean named 'cse-valid-runner-com.farao_community.farao.gridcapa_cse_valid.starter.CseValidClientProperties'
12:21:53.819 [main] DEBUG org.springframework.beans.factory.support.DefaultListableBeanFactory - Creating shared instance of singleton bean 'coreValidClient'
12:21:53.824 [main] DEBUG org.springframework.beans.factory.support.DefaultListableBeanFactory - Autowiring by type from bean name 'coreValidClient' via factory method to bean named 'amqpTemplate'
12:21:54.287 [main] DEBUG org.springframework.beans.factory.support.DefaultListableBeanFactory - Creating shared instance of singleton bean 'org.springframework.boot.context.properties.EnableConfigurationPropertiesRegistrar.methodValidationExcludeFilter'
12:21:54.360 [main] DEBUG org.springframework.context.annotation.AnnotationConfigApplicationContext - Closing org.springframework.context.annotation.AnnotationConfigApplicationContext@52f7fa65, started on Wed Apr 20 12:21:53 UTC 2022
]]></system-out>
  </testcase>
</testsuite>