<?xml version="1.0" encoding="UTF-8"?>
<testsuite xmlns:xsi="http://www.w3.org/2001/XMLSchema-instance" xsi:noNamespaceSchemaLocation="https://maven.apache.org/surefire/maven-surefire-plugin/xsd/surefire-test-report-3.0.xsd" version="3.0" name="com.farao_community.farao.cse_valid.app.CseValidListenerTest" time="11.63" tests="2" errors="0" skipped="0" failures="0">
  <properties>
    <property name="awt.toolkit" value="sun.awt.X11.XToolkit"/>
    <property name="java.specification.version" value="11"/>
    <property name="sun.cpu.isalist" value=""/>
    <property name="sun.jnu.encoding" value="UTF-8"/>
    <property name="java.class.path" value="/home/runner/work/gridcapa-cse-valid/gridcapa-cse-valid/gridcapa-cse-valid-app/target/test-classes:/home/runner/work/gridcapa-cse-valid/gridcapa-cse-valid/gridcapa-cse-valid-app/target/classes:/home/runner/.m2/repository/com/farao-community/farao/gridcapa-task-manager-api/1.0.0/gridcapa-task-manager-api-1.0.0.jar:/home/runner/.m2/repository/com/fasterxml/jackson/core/jackson-annotations/2.13.1/jackson-annotations-2.13.1.jar:/home/runner/work/gridcapa-cse-valid/gridcapa-cse-valid/gridcapa-cse-valid-api/target/gridcapa-cse-valid-api-1.0.0.jar:/home/runner/.m2/repository/com/fasterxml/jackson/datatype/jackson-datatype-jsr310/2.13.1/jackson-datatype-jsr310-2.13.1.jar:/home/runner/.m2/repository/com/fasterxml/jackson/datatype/jackson-datatype-jdk8/2.13.2/jackson-datatype-jdk8-2.13.2.jar:/home/runner/.m2/repository/com/github/jasminb/jsonapi-converter/0.11/jsonapi-converter-0.11.jar:/home/runner/.m2/repository/com/squareup/retrofit2/retrofit/2.5.0/retrofit-2.5.0.jar:/home/runner/.m2/repository/org/jetbrains/annotations/17.0.0/annotations-17.0.0.jar:/home/runner/.m2/repository/org/apache/commons/commons-lang3/3.11/commons-lang3-3.11.jar:/home/runner/.m2/repository/commons-io/commons-io/2.11.0/commons-io-2.11.0.jar:/home/runner/.m2/repository/io/minio/minio/8.2.2/minio-8.2.2.jar:/home/runner/.m2/repository/com/carrotsearch/thirdparty/simple-xml-safe/2.7.1/simple-xml-safe-2.7.1.jar:/home/runner/.m2/repository/com/google/guava/guava/30.0-jre/guava-30.0-jre.jar:/home/runner/.m2/repository/com/google/guava/failureaccess/1.0.1/failureaccess-1.0.1.jar:/home/runner/.m2/repository/com/google/guava/listenablefuture/9999.0-empty-to-avoid-conflict-with-guava/listenablefuture-9999.0-empty-to-avoid-conflict-with-guava.jar:/home/runner/.m2/repository/com/google/code/findbugs/jsr305/3.0.2/jsr305-3.0.2.jar:/home/runner/.m2/repository/org/checkerframework/checker-qual/3.5.0/checker-qual-3.5.0.jar:/home/runner/.m2/repository/com/google/errorprone/error_prone_annotations/2.3.4/error_prone_annotations-2.3.4.jar:/home/runner/.m2/repository/com/google/j2objc/j2objc-annotations/1.3/j2objc-annotations-1.3.jar:/home/runner/.m2/repository/com/squareup/okhttp3/okhttp/3.14.9/okhttp-3.14.9.jar:/home/runner/.m2/repository/com/squareup/okio/okio/1.17.2/okio-1.17.2.jar:/home/runner/.m2/repository/com/fasterxml/jackson/core/jackson-core/2.13.1/jackson-core-2.13.1.jar:/home/runner/.m2/repository/com/fasterxml/jackson/core/jackson-databind/2.13.1/jackson-databind-2.13.1.jar:/home/runner/.m2/repository/net/logstash/logback/logstash-logback-encoder/7.0.1/logstash-logback-encoder-7.0.1.jar:/home/runner/.m2/repository/org/springframework/boot/spring-boot-configuration-processor/2.6.2/spring-boot-configuration-processor-2.6.2.jar:/home/runner/.m2/repository/org/springframework/boot/spring-boot-starter-actuator/2.6.2/spring-boot-starter-actuator-2.6.2.jar:/home/runner/.m2/repository/org/springframework/boot/spring-boot-starter/2.6.2/spring-boot-starter-2.6.2.jar:/home/runner/.m2/repository/org/springframework/boot/spring-boot-starter-logging/2.6.2/spring-boot-starter-logging-2.6.2.jar:/home/runner/.m2/repository/ch/qos/logback/logback-classic/1.2.9/logback-classic-1.2.9.jar:/home/runner/.m2/repository/ch/qos/logback/logback-core/1.2.9/logback-core-1.2.9.jar:/home/runner/.m2/repository/org/apache/logging/log4j/log4j-to-slf4j/2.17.0/log4j-to-slf4j-2.17.0.jar:/home/runner/.m2/repository/org/apache/logging/log4j/log4j-api/2.17.0/log4j-api-2.17.0.jar:/home/runner/.m2/repository/org/slf4j/jul-to-slf4j/1.7.32/jul-to-slf4j-1.7.32.jar:/home/runner/.m2/repository/jakarta/annotation/jakarta.annotation-api/1.3.5/jakarta.annotation-api-1.3.5.jar:/home/runner/.m2/repository/org/yaml/snakeyaml/1.29/snakeyaml-1.29.jar:/home/runner/.m2/repository/org/springframework/boot/spring-boot-actuator-autoconfigure/2.6.2/spring-boot-actuator-autoconfigure-2.6.2.jar:/home/runner/.m2/repository/org/springframework/boot/spring-boot-actuator/2.6.2/spring-boot-actuator-2.6.2.jar:/home/runner/.m2/repository/io/micrometer/micrometer-core/1.8.1/micrometer-core-1.8.1.jar:/home/runner/.m2/repository/org/hdrhistogram/HdrHistogram/2.1.12/HdrHistogram-2.1.12.jar:/home/runner/.m2/repository/org/latencyutils/LatencyUtils/2.0.3/LatencyUtils-2.0.3.jar:/home/runner/.m2/repository/org/springframework/boot/spring-boot-starter-web/2.6.2/spring-boot-starter-web-2.6.2.jar:/home/runner/.m2/repository/org/springframework/boot/spring-boot-starter-json/2.6.2/spring-boot-starter-json-2.6.2.jar:/home/runner/.m2/repository/com/fasterxml/jackson/module/jackson-module-parameter-names/2.13.1/jackson-module-parameter-names-2.13.1.jar:/home/runner/.m2/repository/org/springframework/boot/spring-boot-starter-tomcat/2.6.2/spring-boot-starter-tomcat-2.6.2.jar:/home/runner/.m2/repository/org/apache/tomcat/embed/tomcat-embed-core/9.0.56/tomcat-embed-core-9.0.56.jar:/home/runner/.m2/repository/org/apache/tomcat/embed/tomcat-embed-el/9.0.56/tomcat-embed-el-9.0.56.jar:/home/runner/.m2/repository/org/apache/tomcat/embed/tomcat-embed-websocket/9.0.56/tomcat-embed-websocket-9.0.56.jar:/home/runner/.m2/repository/org/springframework/spring-web/5.3.14/spring-web-5.3.14.jar:/home/runner/.m2/repository/org/springframework/spring-beans/5.3.14/spring-beans-5.3.14.jar:/home/runner/.m2/repository/org/springframework/spring-webmvc/5.3.14/spring-webmvc-5.3.14.jar:/home/runner/.m2/repository/org/springframework/spring-aop/5.3.14/spring-aop-5.3.14.jar:/home/runner/.m2/repository/org/springframework/spring-context/5.3.14/spring-context-5.3.14.jar:/home/runner/.m2/repository/org/springframework/spring-expression/5.3.14/spring-expression-5.3.14.jar:/home/runner/.m2/repository/org/springframework/boot/spring-boot-starter-amqp/2.6.2/spring-boot-starter-amqp-2.6.2.jar:/home/runner/.m2/repository/org/springframework/spring-messaging/5.3.14/spring-messaging-5.3.14.jar:/home/runner/.m2/repository/org/springframework/amqp/spring-rabbit/2.4.1/spring-rabbit-2.4.1.jar:/home/runner/.m2/repository/com/rabbitmq/amqp-client/5.13.1/amqp-client-5.13.1.jar:/home/runner/.m2/repository/org/springframework/spring-tx/5.3.14/spring-tx-5.3.14.jar:/home/runner/.m2/repository/org/springframework/cloud/spring-cloud-stream-binder-rabbit/3.2.1/spring-cloud-stream-binder-rabbit-3.2.1.jar:/home/runner/.m2/repository/org/springframework/cloud/spring-cloud-function-deployer/3.2.1/spring-cloud-function-deployer-3.2.1.jar:/home/runner/.m2/repository/org/springframework/boot/spring-boot-loader/2.6.2/spring-boot-loader-2.6.2.jar:/home/runner/.m2/repository/org/springframework/cloud/spring-cloud-function-context/3.2.1/spring-cloud-function-context-3.2.1.jar:/home/runner/.m2/repository/net/jodah/typetools/0.6.2/typetools-0.6.2.jar:/home/runner/.m2/repository/org/springframework/cloud/spring-cloud-function-core/3.2.1/spring-cloud-function-core-3.2.1.jar:/home/runner/.m2/repository/org/springframework/cloud/spring-cloud-deployer-resource-maven/2.5.1/spring-cloud-deployer-resource-maven-2.5.1.jar:/home/runner/.m2/repository/org/apache/maven/maven-model-builder/3.6.2/maven-model-builder-3.6.2.jar:/home/runner/.m2/repository/org/codehaus/plexus/plexus-utils/3.2.1/plexus-utils-3.2.1.jar:/home/runner/.m2/repository/org/codehaus/plexus/plexus-interpolation/1.25/plexus-interpolation-1.25.jar:/home/runner/.m2/repository/javax/inject/javax.inject/1/javax.inject-1.jar:/home/runner/.m2/repository/org/apache/maven/maven-model/3.6.2/maven-model-3.6.2.jar:/home/runner/.m2/repository/org/apache/maven/maven-artifact/3.6.2/maven-artifact-3.6.2.jar:/home/runner/.m2/repository/org/apache/maven/maven-builder-support/3.6.2/maven-builder-support-3.6.2.jar:/home/runner/.m2/repository/org/eclipse/sisu/org.eclipse.sisu.inject/0.3.3/org.eclipse.sisu.inject-0.3.3.jar:/home/runner/.m2/repository/org/apache/maven/maven-resolver-provider/3.6.2/maven-resolver-provider-3.6.2.jar:/home/runner/.m2/repository/org/apache/maven/maven-repository-metadata/3.6.2/maven-repository-metadata-3.6.2.jar:/home/runner/.m2/repository/org/apache/maven/resolver/maven-resolver-api/1.4.1/maven-resolver-api-1.4.1.jar:/home/runner/.m2/repository/org/apache/maven/resolver/maven-resolver-spi/1.4.1/maven-resolver-spi-1.4.1.jar:/home/runner/.m2/repository/org/apache/maven/resolver/maven-resolver-util/1.4.1/maven-resolver-util-1.4.1.jar:/home/runner/.m2/repository/org/apache/maven/resolver/maven-resolver-connector-basic/1.4.1/maven-resolver-connector-basic-1.4.1.jar:/home/runner/.m2/repository/org/apache/maven/resolver/maven-resolver-transport-file/1.4.1/maven-resolver-transport-file-1.4.1.jar:/home/runner/.m2/repository/org/apache/maven/resolver/maven-resolver-transport-http/1.4.1/maven-resolver-transport-http-1.4.1.jar:/home/runner/.m2/repository/org/slf4j/jcl-over-slf4j/1.7.32/jcl-over-slf4j-1.7.32.jar:/home/runner/.m2/repository/org/apache/maven/resolver/maven-resolver-transport-wagon/1.4.1/maven-resolver-transport-wagon-1.4.1.jar:/home/runner/.m2/repository/org/apache/maven/wagon/wagon-provider-api/3.0.0/wagon-provider-api-3.0.0.jar:/home/runner/.m2/repository/org/apache/maven/resolver/maven-resolver-impl/1.4.1/maven-resolver-impl-1.4.1.jar:/home/runner/.m2/repository/org/apache/maven/wagon/wagon-http/3.3.4/wagon-http-3.3.4.jar:/home/runner/.m2/repository/org/apache/maven/wagon/wagon-http-shared/3.3.4/wagon-http-shared-3.3.4.jar:/home/runner/.m2/repository/org/jsoup/jsoup/1.12.1/jsoup-1.12.1.jar:/home/runner/.m2/repository/javax/annotation/javax.annotation-api/1.3.2/javax.annotation-api-1.3.2.jar:/home/runner/.m2/repository/org/springframework/cloud/spring-cloud-stream-binder-rabbit-core/3.2.1/spring-cloud-stream-binder-rabbit-core-3.2.1.jar:/home/runner/.m2/repository/org/springframework/integration/spring-integration-amqp/5.5.7/spring-integration-amqp-5.5.7.jar:/home/runner/.m2/repository/com/rabbitmq/http-client/2.1.0.RELEASE/http-client-2.1.0.RELEASE.jar:/home/runner/.m2/repository/org/springframework/cloud/spring-cloud-stream/3.2.1/spring-cloud-stream-3.2.1.jar:/home/runner/.m2/repository/org/springframework/boot/spring-boot-starter-validation/2.6.2/spring-boot-starter-validation-2.6.2.jar:/home/runner/.m2/repository/org/hibernate/validator/hibernate-validator/6.2.0.Final/hibernate-validator-6.2.0.Final.jar:/home/runner/.m2/repository/jakarta/validation/jakarta.validation-api/2.0.2/jakarta.validation-api-2.0.2.jar:/home/runner/.m2/repository/org/jboss/logging/jboss-logging/3.4.2.Final/jboss-logging-3.4.2.Final.jar:/home/runner/.m2/repository/com/fasterxml/classmate/1.5.1/classmate-1.5.1.jar:/home/runner/.m2/repository/org/springframework/integration/spring-integration-core/5.5.7/spring-integration-core-5.5.7.jar:/home/runner/.m2/repository/io/projectreactor/reactor-core/3.4.13/reactor-core-3.4.13.jar:/home/runner/.m2/repository/org/reactivestreams/reactive-streams/1.0.3/reactive-streams-1.0.3.jar:/home/runner/.m2/repository/org/springframework/integration/spring-integration-jmx/5.5.7/spring-integration-jmx-5.5.7.jar:/home/runner/.m2/repository/org/apache/httpcomponents/httpclient/4.5.13/httpclient-4.5.13.jar:/home/runner/.m2/repository/org/apache/httpcomponents/httpcore/4.4.15/httpcore-4.4.15.jar:/home/runner/.m2/repository/commons-codec/commons-codec/1.15/commons-codec-1.15.jar:/home/runner/.m2/repository/org/springframework/boot/spring-boot-autoconfigure/2.6.2/spring-boot-autoconfigure-2.6.2.jar:/home/runner/.m2/repository/org/springframework/boot/spring-boot/2.6.2/spring-boot-2.6.2.jar:/home/runner/.m2/repository/org/springframework/amqp/spring-amqp/2.4.1/spring-amqp-2.4.1.jar:/home/runner/.m2/repository/org/springframework/spring-core/5.3.14/spring-core-5.3.14.jar:/home/runner/.m2/repository/org/springframework/spring-jcl/5.3.14/spring-jcl-5.3.14.jar:/home/runner/.m2/repository/org/springframework/retry/spring-retry/1.3.1/spring-retry-1.3.1.jar:/home/runner/.m2/repository/com/powsybl/powsybl-config-test/4.4.0/powsybl-config-test-4.4.0.jar:/home/runner/.m2/repository/com/google/auto/service/auto-service/1.0-rc2/auto-service-1.0-rc2.jar:/home/runner/.m2/repository/com/google/auto/auto-common/0.3/auto-common-0.3.jar:/home/runner/.m2/repository/com/google/jimfs/jimfs/1.1/jimfs-1.1.jar:/home/runner/.m2/repository/com/powsybl/powsybl-commons/4.4.0/powsybl-commons-4.4.0.jar:/home/runner/.m2/repository/commons-cli/commons-cli/1.3.1/commons-cli-1.3.1.jar:/home/runner/.m2/repository/com/univocity/univocity-parsers/2.8.3/univocity-parsers-2.8.3.jar:/home/runner/.m2/repository/joda-time/joda-time/2.9.7/joda-time-2.9.7.jar:/home/runner/.m2/repository/net/sf/trove4j/trove4j/3.0.3/trove4j-3.0.3.jar:/home/runner/.m2/repository/org/apache/commons/commons-compress/1.21/commons-compress-1.21.jar:/home/runner/.m2/repository/org/apache/commons/commons-text/1.9/commons-text-1.9.jar:/home/runner/.m2/repository/org/ow2/sirocco/sirocco-text-table-formatter/1.0/sirocco-text-table-formatter-1.0.jar:/home/runner/.m2/repository/net/java/dev/stax-utils/stax-utils/20070216/stax-utils-20070216.jar:/home/runner/.m2/repository/org/slf4j/slf4j-api/1.7.32/slf4j-api-1.7.32.jar:/home/runner/.m2/repository/org/springframework/boot/spring-boot-starter-test/2.6.2/spring-boot-starter-test-2.6.2.jar:/home/runner/.m2/repository/org/springframework/boot/spring-boot-test/2.6.2/spring-boot-test-2.6.2.jar:/home/runner/.m2/repository/org/springframework/boot/spring-boot-test-autoconfigure/2.6.2/spring-boot-test-autoconfigure-2.6.2.jar:/home/runner/.m2/repository/com/jayway/jsonpath/json-path/2.6.0/json-path-2.6.0.jar:/home/runner/.m2/repository/net/minidev/json-smart/2.4.7/json-smart-2.4.7.jar:/home/runner/.m2/repository/net/minidev/accessors-smart/2.4.7/accessors-smart-2.4.7.jar:/home/runner/.m2/repository/org/ow2/asm/asm/9.1/asm-9.1.jar:/home/runner/.m2/repository/jakarta/xml/bind/jakarta.xml.bind-api/2.3.3/jakarta.xml.bind-api-2.3.3.jar:/home/runner/.m2/repository/jakarta/activation/jakarta.activation-api/1.2.2/jakarta.activation-api-1.2.2.jar:/home/runner/.m2/repository/org/assertj/assertj-core/3.21.0/assertj-core-3.21.0.jar:/home/runner/.m2/repository/org/hamcrest/hamcrest/2.2/hamcrest-2.2.jar:/home/runner/.m2/repository/org/junit/jupiter/junit-jupiter/5.8.2/junit-jupiter-5.8.2.jar:/home/runner/.m2/repository/org/junit/jupiter/junit-jupiter-api/5.8.2/junit-jupiter-api-5.8.2.jar:/home/runner/.m2/repository/org/opentest4j/opentest4j/1.2.0/opentest4j-1.2.0.jar:/home/runner/.m2/repository/org/junit/platform/junit-platform-commons/1.8.2/junit-platform-commons-1.8.2.jar:/home/runner/.m2/repository/org/apiguardian/apiguardian-api/1.1.2/apiguardian-api-1.1.2.jar:/home/runner/.m2/repository/org/junit/jupiter/junit-jupiter-params/5.8.2/junit-jupiter-params-5.8.2.jar:/home/runner/.m2/repository/org/junit/jupiter/junit-jupiter-engine/5.8.2/junit-jupiter-engine-5.8.2.jar:/home/runner/.m2/repository/org/junit/platform/junit-platform-engine/1.8.2/junit-platform-engine-1.8.2.jar:/home/runner/.m2/repository/org/mockito/mockito-core/4.0.0/mockito-core-4.0.0.jar:/home/runner/.m2/repository/net/bytebuddy/byte-buddy/1.11.22/byte-buddy-1.11.22.jar:/home/runner/.m2/repository/net/bytebuddy/byte-buddy-agent/1.11.22/byte-buddy-agent-1.11.22.jar:/home/runner/.m2/repository/org/objenesis/objenesis/3.2/objenesis-3.2.jar:/home/runner/.m2/repository/org/mockito/mockito-junit-jupiter/4.0.0/mockito-junit-jupiter-4.0.0.jar:/home/runner/.m2/repository/org/skyscreamer/jsonassert/1.5.0/jsonassert-1.5.0.jar:/home/runner/.m2/repository/com/vaadin/external/google/android-json/0.0.20131108.vaadin1/android-json-0.0.20131108.vaadin1.jar:/home/runner/.m2/repository/org/springframework/spring-test/5.3.14/spring-test-5.3.14.jar:/home/runner/.m2/repository/org/xmlunit/xmlunit-core/2.8.4/xmlunit-core-2.8.4.jar:"/>
    <property name="java.vm.vendor" value="Azul Systems, Inc."/>
    <property name="sun.arch.data.model" value="64"/>
    <property name="java.vendor.url" value="http://www.azul.com/"/>
    <property name="user.timezone" value="Etc/UTC"/>
    <property name="java.vm.specification.version" value="11"/>
    <property name="os.name" value="Linux"/>
    <property name="sun.java.launcher" value="SUN_STANDARD"/>
    <property name="sun.boot.library.path" value="/opt/hostedtoolcache/jdk/11.0.15/x64/lib"/>
    <property name="sun.java.command" value="/home/runner/work/gridcapa-cse-valid/gridcapa-cse-valid/gridcapa-cse-valid-app/target/surefire/surefirebooter11394236153715538376.jar /home/runner/work/gridcapa-cse-valid/gridcapa-cse-valid/gridcapa-cse-valid-app/target/surefire 2022-04-20T13-21-02_370-jvmRun1 surefire7970715482630743974tmp surefire_17832826772949249985tmp"/>
    <property name="jdk.debug" value="release"/>
    <property name="surefire.test.class.path" value="/home/runner/work/gridcapa-cse-valid/gridcapa-cse-valid/gridcapa-cse-valid-app/target/test-classes:/home/runner/work/gridcapa-cse-valid/gridcapa-cse-valid/gridcapa-cse-valid-app/target/classes:/home/runner/.m2/repository/com/farao-community/farao/gridcapa-task-manager-api/1.0.0/gridcapa-task-manager-api-1.0.0.jar:/home/runner/.m2/repository/com/fasterxml/jackson/core/jackson-annotations/2.13.1/jackson-annotations-2.13.1.jar:/home/runner/work/gridcapa-cse-valid/gridcapa-cse-valid/gridcapa-cse-valid-api/target/gridcapa-cse-valid-api-1.0.0.jar:/home/runner/.m2/repository/com/fasterxml/jackson/datatype/jackson-datatype-jsr310/2.13.1/jackson-datatype-jsr310-2.13.1.jar:/home/runner/.m2/repository/com/fasterxml/jackson/datatype/jackson-datatype-jdk8/2.13.2/jackson-datatype-jdk8-2.13.2.jar:/home/runner/.m2/repository/com/github/jasminb/jsonapi-converter/0.11/jsonapi-converter-0.11.jar:/home/runner/.m2/repository/com/squareup/retrofit2/retrofit/2.5.0/retrofit-2.5.0.jar:/home/runner/.m2/repository/org/jetbrains/annotations/17.0.0/annotations-17.0.0.jar:/home/runner/.m2/repository/org/apache/commons/commons-lang3/3.11/commons-lang3-3.11.jar:/home/runner/.m2/repository/commons-io/commons-io/2.11.0/commons-io-2.11.0.jar:/home/runner/.m2/repository/io/minio/minio/8.2.2/minio-8.2.2.jar:/home/runner/.m2/repository/com/carrotsearch/thirdparty/simple-xml-safe/2.7.1/simple-xml-safe-2.7.1.jar:/home/runner/.m2/repository/com/google/guava/guava/30.0-jre/guava-30.0-jre.jar:/home/runner/.m2/repository/com/google/guava/failureaccess/1.0.1/failureaccess-1.0.1.jar:/home/runner/.m2/repository/com/google/guava/listenablefuture/9999.0-empty-to-avoid-conflict-with-guava/listenablefuture-9999.0-empty-to-avoid-conflict-with-guava.jar:/home/runner/.m2/repository/com/google/code/findbugs/jsr305/3.0.2/jsr305-3.0.2.jar:/home/runner/.m2/repository/org/checkerframework/checker-qual/3.5.0/checker-qual-3.5.0.jar:/home/runner/.m2/repository/com/google/errorprone/error_prone_annotations/2.3.4/error_prone_annotations-2.3.4.jar:/home/runner/.m2/repository/com/google/j2objc/j2objc-annotations/1.3/j2objc-annotations-1.3.jar:/home/runner/.m2/repository/com/squareup/okhttp3/okhttp/3.14.9/okhttp-3.14.9.jar:/home/runner/.m2/repository/com/squareup/okio/okio/1.17.2/okio-1.17.2.jar:/home/runner/.m2/repository/com/fasterxml/jackson/core/jackson-core/2.13.1/jackson-core-2.13.1.jar:/home/runner/.m2/repository/com/fasterxml/jackson/core/jackson-databind/2.13.1/jackson-databind-2.13.1.jar:/home/runner/.m2/repository/net/logstash/logback/logstash-logback-encoder/7.0.1/logstash-logback-encoder-7.0.1.jar:/home/runner/.m2/repository/org/springframework/boot/spring-boot-configuration-processor/2.6.2/spring-boot-configuration-processor-2.6.2.jar:/home/runner/.m2/repository/org/springframework/boot/spring-boot-starter-actuator/2.6.2/spring-boot-starter-actuator-2.6.2.jar:/home/runner/.m2/repository/org/springframework/boot/spring-boot-starter/2.6.2/spring-boot-starter-2.6.2.jar:/home/runner/.m2/repository/org/springframework/boot/spring-boot-starter-logging/2.6.2/spring-boot-starter-logging-2.6.2.jar:/home/runner/.m2/repository/ch/qos/logback/logback-classic/1.2.9/logback-classic-1.2.9.jar:/home/runner/.m2/repository/ch/qos/logback/logback-core/1.2.9/logback-core-1.2.9.jar:/home/runner/.m2/repository/org/apache/logging/log4j/log4j-to-slf4j/2.17.0/log4j-to-slf4j-2.17.0.jar:/home/runner/.m2/repository/org/apache/logging/log4j/log4j-api/2.17.0/log4j-api-2.17.0.jar:/home/runner/.m2/repository/org/slf4j/jul-to-slf4j/1.7.32/jul-to-slf4j-1.7.32.jar:/home/runner/.m2/repository/jakarta/annotation/jakarta.annotation-api/1.3.5/jakarta.annotation-api-1.3.5.jar:/home/runner/.m2/repository/org/yaml/snakeyaml/1.29/snakeyaml-1.29.jar:/home/runner/.m2/repository/org/springframework/boot/spring-boot-actuator-autoconfigure/2.6.2/spring-boot-actuator-autoconfigure-2.6.2.jar:/home/runner/.m2/repository/org/springframework/boot/spring-boot-actuator/2.6.2/spring-boot-actuator-2.6.2.jar:/home/runner/.m2/repository/io/micrometer/micrometer-core/1.8.1/micrometer-core-1.8.1.jar:/home/runner/.m2/repository/org/hdrhistogram/HdrHistogram/2.1.12/HdrHistogram-2.1.12.jar:/home/runner/.m2/repository/org/latencyutils/LatencyUtils/2.0.3/LatencyUtils-2.0.3.jar:/home/runner/.m2/repository/org/springframework/boot/spring-boot-starter-web/2.6.2/spring-boot-starter-web-2.6.2.jar:/home/runner/.m2/repository/org/springframework/boot/spring-boot-starter-json/2.6.2/spring-boot-starter-json-2.6.2.jar:/home/runner/.m2/repository/com/fasterxml/jackson/module/jackson-module-parameter-names/2.13.1/jackson-module-parameter-names-2.13.1.jar:/home/runner/.m2/repository/org/springframework/boot/spring-boot-starter-tomcat/2.6.2/spring-boot-starter-tomcat-2.6.2.jar:/home/runner/.m2/repository/org/apache/tomcat/embed/tomcat-embed-core/9.0.56/tomcat-embed-core-9.0.56.jar:/home/runner/.m2/repository/org/apache/tomcat/embed/tomcat-embed-el/9.0.56/tomcat-embed-el-9.0.56.jar:/home/runner/.m2/repository/org/apache/tomcat/embed/tomcat-embed-websocket/9.0.56/tomcat-embed-websocket-9.0.56.jar:/home/runner/.m2/repository/org/springframework/spring-web/5.3.14/spring-web-5.3.14.jar:/home/runner/.m2/repository/org/springframework/spring-beans/5.3.14/spring-beans-5.3.14.jar:/home/runner/.m2/repository/org/springframework/spring-webmvc/5.3.14/spring-webmvc-5.3.14.jar:/home/runner/.m2/repository/org/springframework/spring-aop/5.3.14/spring-aop-5.3.14.jar:/home/runner/.m2/repository/org/springframework/spring-context/5.3.14/spring-context-5.3.14.jar:/home/runner/.m2/repository/org/springframework/spring-expression/5.3.14/spring-expression-5.3.14.jar:/home/runner/.m2/repository/org/springframework/boot/spring-boot-starter-amqp/2.6.2/spring-boot-starter-amqp-2.6.2.jar:/home/runner/.m2/repository/org/springframework/spring-messaging/5.3.14/spring-messaging-5.3.14.jar:/home/runner/.m2/repository/org/springframework/amqp/spring-rabbit/2.4.1/spring-rabbit-2.4.1.jar:/home/runner/.m2/repository/com/rabbitmq/amqp-client/5.13.1/amqp-client-5.13.1.jar:/home/runner/.m2/repository/org/springframework/spring-tx/5.3.14/spring-tx-5.3.14.jar:/home/runner/.m2/repository/org/springframework/cloud/spring-cloud-stream-binder-rabbit/3.2.1/spring-cloud-stream-binder-rabbit-3.2.1.jar:/home/runner/.m2/repository/org/springframework/cloud/spring-cloud-function-deployer/3.2.1/spring-cloud-function-deployer-3.2.1.jar:/home/runner/.m2/repository/org/springframework/boot/spring-boot-loader/2.6.2/spring-boot-loader-2.6.2.jar:/home/runner/.m2/repository/org/springframework/cloud/spring-cloud-function-context/3.2.1/spring-cloud-function-context-3.2.1.jar:/home/runner/.m2/repository/net/jodah/typetools/0.6.2/typetools-0.6.2.jar:/home/runner/.m2/repository/org/springframework/cloud/spring-cloud-function-core/3.2.1/spring-cloud-function-core-3.2.1.jar:/home/runner/.m2/repository/org/springframework/cloud/spring-cloud-deployer-resource-maven/2.5.1/spring-cloud-deployer-resource-maven-2.5.1.jar:/home/runner/.m2/repository/org/apache/maven/maven-model-builder/3.6.2/maven-model-builder-3.6.2.jar:/home/runner/.m2/repository/org/codehaus/plexus/plexus-utils/3.2.1/plexus-utils-3.2.1.jar:/home/runner/.m2/repository/org/codehaus/plexus/plexus-interpolation/1.25/plexus-interpolation-1.25.jar:/home/runner/.m2/repository/javax/inject/javax.inject/1/javax.inject-1.jar:/home/runner/.m2/repository/org/apache/maven/maven-model/3.6.2/maven-model-3.6.2.jar:/home/runner/.m2/repository/org/apache/maven/maven-artifact/3.6.2/maven-artifact-3.6.2.jar:/home/runner/.m2/repository/org/apache/maven/maven-builder-support/3.6.2/maven-builder-support-3.6.2.jar:/home/runner/.m2/repository/org/eclipse/sisu/org.eclipse.sisu.inject/0.3.3/org.eclipse.sisu.inject-0.3.3.jar:/home/runner/.m2/repository/org/apache/maven/maven-resolver-provider/3.6.2/maven-resolver-provider-3.6.2.jar:/home/runner/.m2/repository/org/apache/maven/maven-repository-metadata/3.6.2/maven-repository-metadata-3.6.2.jar:/home/runner/.m2/repository/org/apache/maven/resolver/maven-resolver-api/1.4.1/maven-resolver-api-1.4.1.jar:/home/runner/.m2/repository/org/apache/maven/resolver/maven-resolver-spi/1.4.1/maven-resolver-spi-1.4.1.jar:/home/runner/.m2/repository/org/apache/maven/resolver/maven-resolver-util/1.4.1/maven-resolver-util-1.4.1.jar:/home/runner/.m2/repository/org/apache/maven/resolver/maven-resolver-connector-basic/1.4.1/maven-resolver-connector-basic-1.4.1.jar:/home/runner/.m2/repository/org/apache/maven/resolver/maven-resolver-transport-file/1.4.1/maven-resolver-transport-file-1.4.1.jar:/home/runner/.m2/repository/org/apache/maven/resolver/maven-resolver-transport-http/1.4.1/maven-resolver-transport-http-1.4.1.jar:/home/runner/.m2/repository/org/slf4j/jcl-over-slf4j/1.7.32/jcl-over-slf4j-1.7.32.jar:/home/runner/.m2/repository/org/apache/maven/resolver/maven-resolver-transport-wagon/1.4.1/maven-resolver-transport-wagon-1.4.1.jar:/home/runner/.m2/repository/org/apache/maven/wagon/wagon-provider-api/3.0.0/wagon-provider-api-3.0.0.jar:/home/runner/.m2/repository/org/apache/maven/resolver/maven-resolver-impl/1.4.1/maven-resolver-impl-1.4.1.jar:/home/runner/.m2/repository/org/apache/maven/wagon/wagon-http/3.3.4/wagon-http-3.3.4.jar:/home/runner/.m2/repository/org/apache/maven/wagon/wagon-http-shared/3.3.4/wagon-http-shared-3.3.4.jar:/home/runner/.m2/repository/org/jsoup/jsoup/1.12.1/jsoup-1.12.1.jar:/home/runner/.m2/repository/javax/annotation/javax.annotation-api/1.3.2/javax.annotation-api-1.3.2.jar:/home/runner/.m2/repository/org/springframework/cloud/spring-cloud-stream-binder-rabbit-core/3.2.1/spring-cloud-stream-binder-rabbit-core-3.2.1.jar:/home/runner/.m2/repository/org/springframework/integration/spring-integration-amqp/5.5.7/spring-integration-amqp-5.5.7.jar:/home/runner/.m2/repository/com/rabbitmq/http-client/2.1.0.RELEASE/http-client-2.1.0.RELEASE.jar:/home/runner/.m2/repository/org/springframework/cloud/spring-cloud-stream/3.2.1/spring-cloud-stream-3.2.1.jar:/home/runner/.m2/repository/org/springframework/boot/spring-boot-starter-validation/2.6.2/spring-boot-starter-validation-2.6.2.jar:/home/runner/.m2/repository/org/hibernate/validator/hibernate-validator/6.2.0.Final/hibernate-validator-6.2.0.Final.jar:/home/runner/.m2/repository/jakarta/validation/jakarta.validation-api/2.0.2/jakarta.validation-api-2.0.2.jar:/home/runner/.m2/repository/org/jboss/logging/jboss-logging/3.4.2.Final/jboss-logging-3.4.2.Final.jar:/home/runner/.m2/repository/com/fasterxml/classmate/1.5.1/classmate-1.5.1.jar:/home/runner/.m2/repository/org/springframework/integration/spring-integration-core/5.5.7/spring-integration-core-5.5.7.jar:/home/runner/.m2/repository/io/projectreactor/reactor-core/3.4.13/reactor-core-3.4.13.jar:/home/runner/.m2/repository/org/reactivestreams/reactive-streams/1.0.3/reactive-streams-1.0.3.jar:/home/runner/.m2/repository/org/springframework/integration/spring-integration-jmx/5.5.7/spring-integration-jmx-5.5.7.jar:/home/runner/.m2/repository/org/apache/httpcomponents/httpclient/4.5.13/httpclient-4.5.13.jar:/home/runner/.m2/repository/org/apache/httpcomponents/httpcore/4.4.15/httpcore-4.4.15.jar:/home/runner/.m2/repository/commons-codec/commons-codec/1.15/commons-codec-1.15.jar:/home/runner/.m2/repository/org/springframework/boot/spring-boot-autoconfigure/2.6.2/spring-boot-autoconfigure-2.6.2.jar:/home/runner/.m2/repository/org/springframework/boot/spring-boot/2.6.2/spring-boot-2.6.2.jar:/home/runner/.m2/repository/org/springframework/amqp/spring-amqp/2.4.1/spring-amqp-2.4.1.jar:/home/runner/.m2/repository/org/springframework/spring-core/5.3.14/spring-core-5.3.14.jar:/home/runner/.m2/repository/org/springframework/spring-jcl/5.3.14/spring-jcl-5.3.14.jar:/home/runner/.m2/repository/org/springframework/retry/spring-retry/1.3.1/spring-retry-1.3.1.jar:/home/runner/.m2/repository/com/powsybl/powsybl-config-test/4.4.0/powsybl-config-test-4.4.0.jar:/home/runner/.m2/repository/com/google/auto/service/auto-service/1.0-rc2/auto-service-1.0-rc2.jar:/home/runner/.m2/repository/com/google/auto/auto-common/0.3/auto-common-0.3.jar:/home/runner/.m2/repository/com/google/jimfs/jimfs/1.1/jimfs-1.1.jar:/home/runner/.m2/repository/com/powsybl/powsybl-commons/4.4.0/powsybl-commons-4.4.0.jar:/home/runner/.m2/repository/commons-cli/commons-cli/1.3.1/commons-cli-1.3.1.jar:/home/runner/.m2/repository/com/univocity/univocity-parsers/2.8.3/univocity-parsers-2.8.3.jar:/home/runner/.m2/repository/joda-time/joda-time/2.9.7/joda-time-2.9.7.jar:/home/runner/.m2/repository/net/sf/trove4j/trove4j/3.0.3/trove4j-3.0.3.jar:/home/runner/.m2/repository/org/apache/commons/commons-compress/1.21/commons-compress-1.21.jar:/home/runner/.m2/repository/org/apache/commons/commons-text/1.9/commons-text-1.9.jar:/home/runner/.m2/repository/org/ow2/sirocco/sirocco-text-table-formatter/1.0/sirocco-text-table-formatter-1.0.jar:/home/runner/.m2/repository/net/java/dev/stax-utils/stax-utils/20070216/stax-utils-20070216.jar:/home/runner/.m2/repository/org/slf4j/slf4j-api/1.7.32/slf4j-api-1.7.32.jar:/home/runner/.m2/repository/org/springframework/boot/spring-boot-starter-test/2.6.2/spring-boot-starter-test-2.6.2.jar:/home/runner/.m2/repository/org/springframework/boot/spring-boot-test/2.6.2/spring-boot-test-2.6.2.jar:/home/runner/.m2/repository/org/springframework/boot/spring-boot-test-autoconfigure/2.6.2/spring-boot-test-autoconfigure-2.6.2.jar:/home/runner/.m2/repository/com/jayway/jsonpath/json-path/2.6.0/json-path-2.6.0.jar:/home/runner/.m2/repository/net/minidev/json-smart/2.4.7/json-smart-2.4.7.jar:/home/runner/.m2/repository/net/minidev/accessors-smart/2.4.7/accessors-smart-2.4.7.jar:/home/runner/.m2/repository/org/ow2/asm/asm/9.1/asm-9.1.jar:/home/runner/.m2/repository/jakarta/xml/bind/jakarta.xml.bind-api/2.3.3/jakarta.xml.bind-api-2.3.3.jar:/home/runner/.m2/repository/jakarta/activation/jakarta.activation-api/1.2.2/jakarta.activation-api-1.2.2.jar:/home/runner/.m2/repository/org/assertj/assertj-core/3.21.0/assertj-core-3.21.0.jar:/home/runner/.m2/repository/org/hamcrest/hamcrest/2.2/hamcrest-2.2.jar:/home/runner/.m2/repository/org/junit/jupiter/junit-jupiter/5.8.2/junit-jupiter-5.8.2.jar:/home/runner/.m2/repository/org/junit/jupiter/junit-jupiter-api/5.8.2/junit-jupiter-api-5.8.2.jar:/home/runner/.m2/repository/org/opentest4j/opentest4j/1.2.0/opentest4j-1.2.0.jar:/home/runner/.m2/repository/org/junit/platform/junit-platform-commons/1.8.2/junit-platform-commons-1.8.2.jar:/home/runner/.m2/repository/org/apiguardian/apiguardian-api/1.1.2/apiguardian-api-1.1.2.jar:/home/runner/.m2/repository/org/junit/jupiter/junit-jupiter-params/5.8.2/junit-jupiter-params-5.8.2.jar:/home/runner/.m2/repository/org/junit/jupiter/junit-jupiter-engine/5.8.2/junit-jupiter-engine-5.8.2.jar:/home/runner/.m2/repository/org/junit/platform/junit-platform-engine/1.8.2/junit-platform-engine-1.8.2.jar:/home/runner/.m2/repository/org/mockito/mockito-core/4.0.0/mockito-core-4.0.0.jar:/home/runner/.m2/repository/net/bytebuddy/byte-buddy/1.11.22/byte-buddy-1.11.22.jar:/home/runner/.m2/repository/net/bytebuddy/byte-buddy-agent/1.11.22/byte-buddy-agent-1.11.22.jar:/home/runner/.m2/repository/org/objenesis/objenesis/3.2/objenesis-3.2.jar:/home/runner/.m2/repository/org/mockito/mockito-junit-jupiter/4.0.0/mockito-junit-jupiter-4.0.0.jar:/home/runner/.m2/repository/org/skyscreamer/jsonassert/1.5.0/jsonassert-1.5.0.jar:/home/runner/.m2/repository/com/vaadin/external/google/android-json/0.0.20131108.vaadin1/android-json-0.0.20131108.vaadin1.jar:/home/runner/.m2/repository/org/springframework/spring-test/5.3.14/spring-test-5.3.14.jar:/home/runner/.m2/repository/org/xmlunit/xmlunit-core/2.8.4/xmlunit-core-2.8.4.jar:"/>
    <property name="sun.cpu.endian" value="little"/>
    <property name="user.home" value="/home/runner"/>
    <property name="user.language" value="en"/>
    <property name="java.specification.vendor" value="Oracle Corporation"/>
    <property name="java.version.date" value="2022-04-19"/>
    <property name="java.home" value="/opt/hostedtoolcache/jdk/11.0.15/x64"/>
    <property name="file.separator" value="/"/>
    <property name="basedir" value="/home/runner/work/gridcapa-cse-valid/gridcapa-cse-valid/gridcapa-cse-valid-app"/>
    <property name="java.vm.compressedOopsMode" value="32-bit"/>
    <property name="line.separator" value="&#10;"/>
    <property name="java.specification.name" value="Java Platform API Specification"/>
    <property name="java.vm.specification.vendor" value="Oracle Corporation"/>
    <property name="jdk.vendor.version" value="Zulu11.56+19-CA"/>
    <property name="FILE_LOG_CHARSET" value="UTF-8"/>
    <property name="java.awt.graphicsenv" value="sun.awt.X11GraphicsEnvironment"/>
    <property name="java.awt.headless" value="true"/>
    <property name="surefire.real.class.path" value="/home/runner/work/gridcapa-cse-valid/gridcapa-cse-valid/gridcapa-cse-valid-app/target/surefire/surefirebooter11394236153715538376.jar"/>
    <property name="sun.management.compiler" value="HotSpot 64-Bit Tiered Compilers"/>
    <property name="java.runtime.version" value="11.0.15+10-LTS"/>
    <property name="user.name" value="runner"/>
    <property name="path.separator" value=":"/>
    <property name="os.version" value="5.13.0-1021-azure"/>
    <property name="java.runtime.name" value="OpenJDK Runtime Environment"/>
    <property name="file.encoding" value="UTF-8"/>
    <property name="spring.beaninfo.ignore" value="true"/>
    <property name="java.vm.name" value="OpenJDK 64-Bit Server VM"/>
    <property name="java.vendor.version" value="Zulu11.56+19-CA"/>
    <property name="localRepository" value="/home/runner/.m2/repository"/>
    <property name="java.vendor.url.bug" value="http://www.azul.com/support/"/>
    <property name="java.io.tmpdir" value="/tmp"/>
    <property name="java.version" value="11.0.15"/>
    <property name="user.dir" value="/home/runner/work/gridcapa-cse-valid/gridcapa-cse-valid/gridcapa-cse-valid-app"/>
    <property name="os.arch" value="amd64"/>
    <property name="java.vm.specification.name" value="Java Virtual Machine Specification"/>
    <property name="PID" value="5338"/>
    <property name="java.awt.printerjob" value="sun.print.PSPrinterJob"/>
    <property name="sun.os.patch.level" value="unknown"/>
    <property name="CONSOLE_LOG_CHARSET" value="UTF-8"/>
    <property name="java.library.path" value="/usr/java/packages/lib:/usr/lib64:/lib64:/lib:/usr/lib"/>
    <property name="java.vm.info" value="mixed mode"/>
    <property name="java.vendor" value="Azul Systems, Inc."/>
    <property name="java.vm.version" value="11.0.15+10-LTS"/>
    <property name="sun.io.unicode.encoding" value="UnicodeLittle"/>
    <property name="java.class.version" value="55.0"/>
  </properties>
  <testcase name="checkThatCorrectMessageIsHandledCorrectly" classname="com.farao_community.farao.cse_valid.app.CseValidListenerTest" time="0.321">
    <system-out><![CDATA[13:21:27,118 |-INFO in ch.qos.logback.classic.LoggerContext[default] - Could NOT find resource [logback-test.xml]
13:21:27,119 |-INFO in ch.qos.logback.classic.LoggerContext[default] - Could NOT find resource [logback.groovy]
13:21:27,119 |-INFO in ch.qos.logback.classic.LoggerContext[default] - Found resource [logback.xml] at [file:/home/runner/work/gridcapa-cse-valid/gridcapa-cse-valid/gridcapa-cse-valid-app/target/classes/logback.xml]
13:21:27,248 |-INFO in ch.qos.logback.classic.joran.action.ConfigurationAction - debug attribute not set
13:21:27,261 |-ERROR in ch.qos.logback.core.joran.spi.Interpreter@3:113 - no applicable action for [springProperty], current ElementPath  is [[configuration][springProperty]]
13:21:27,262 |-ERROR in ch.qos.logback.core.joran.spi.Interpreter@4:108 - no applicable action for [springProperty], current ElementPath  is [[configuration][springProperty]]
13:21:27,262 |-ERROR in ch.qos.logback.core.joran.spi.Interpreter@5:118 - no applicable action for [springProperty], current ElementPath  is [[configuration][springProperty]]
13:21:27,262 |-ERROR in ch.qos.logback.core.joran.spi.Interpreter@6:118 - no applicable action for [springProperty], current ElementPath  is [[configuration][springProperty]]
13:21:27,262 |-ERROR in ch.qos.logback.core.joran.spi.Interpreter@7:139 - no applicable action for [springProperty], current ElementPath  is [[configuration][springProperty]]
13:21:27,263 |-ERROR in ch.qos.logback.core.joran.spi.Interpreter@8:115 - no applicable action for [springProperty], current ElementPath  is [[configuration][springProperty]]
13:21:27,263 |-ERROR in ch.qos.logback.core.joran.spi.Interpreter@9:124 - no applicable action for [springProperty], current ElementPath  is [[configuration][springProperty]]
13:21:27,263 |-INFO in ch.qos.logback.core.joran.action.AppenderAction - About to instantiate appender of type [org.springframework.amqp.rabbit.logback.AmqpAppender]
13:21:27,456 |-INFO in ch.qos.logback.core.joran.action.AppenderAction - Naming appender as [amqp-business-events]
13:21:27,503 |-INFO in ch.qos.logback.core.joran.action.NestedComplexPropertyIA - Assuming default type [net.logstash.logback.fieldnames.LogstashFieldNames] for [fieldNames] property
13:21:27,957 |-ERROR in ch.qos.logback.core.joran.util.PropertySetter@54a81a18 - Failed to invoke valueOf{} method in class [java.lang.Integer] with value [rabbitMQPort_IS_UNDEFINED]
13:21:27,957 |-WARN in ch.qos.logback.core.joran.util.PropertySetter@54a81a18 - Failed to set property [port] to value "rabbitMQPort_IS_UNDEFINED".  ch.qos.logback.core.util.PropertySetterException: Conversion to type [class java.lang.Integer] failed.
	at ch.qos.logback.core.util.PropertySetterException: Conversion to type [class java.lang.Integer] failed.
	at 	at ch.qos.logback.core.joran.util.PropertySetter.setProperty(PropertySetter.java:128)
	at 	at ch.qos.logback.core.joran.util.PropertySetter.setProperty(PropertySetter.java:98)
	at 	at ch.qos.logback.core.joran.action.NestedBasicPropertyIA.body(NestedBasicPropertyIA.java:95)
	at 	at ch.qos.logback.core.joran.spi.Interpreter.callBodyAction(Interpreter.java:289)
	at 	at ch.qos.logback.core.joran.spi.Interpreter.characters(Interpreter.java:172)
	at 	at ch.qos.logback.core.joran.spi.EventPlayer.play(EventPlayer.java:57)
	at 	at ch.qos.logback.core.joran.GenericConfigurator.doConfigure(GenericConfigurator.java:165)
	at 	at ch.qos.logback.core.joran.GenericConfigurator.doConfigure(GenericConfigurator.java:152)
	at 	at ch.qos.logback.core.joran.GenericConfigurator.doConfigure(GenericConfigurator.java:110)
	at 	at ch.qos.logback.core.joran.GenericConfigurator.doConfigure(GenericConfigurator.java:53)
	at 	at ch.qos.logback.classic.util.ContextInitializer.configureByResource(ContextInitializer.java:65)
	at 	at ch.qos.logback.classic.util.ContextInitializer.autoConfig(ContextInitializer.java:140)
	at 	at org.slf4j.impl.StaticLoggerBinder.init(StaticLoggerBinder.java:84)
	at 	at org.slf4j.impl.StaticLoggerBinder.<clinit>(StaticLoggerBinder.java:55)
	at 	at org.slf4j.LoggerFactory.bind(LoggerFactory.java:150)
	at 	at org.slf4j.LoggerFactory.performInitialization(LoggerFactory.java:124)
	at 	at org.slf4j.LoggerFactory.getILoggerFactory(LoggerFactory.java:417)
	at 	at org.slf4j.LoggerFactory.getLogger(LoggerFactory.java:362)
	at 	at org.apache.commons.logging.impl.SLF4JLogFactory.getInstance(SLF4JLogFactory.java:155)
	at 	at org.apache.commons.logging.impl.SLF4JLogFactory.getInstance(SLF4JLogFactory.java:132)
	at 	at org.apache.commons.logging.LogFactory.getLog(LogFactory.java:273)
	at 	at org.springframework.test.context.TestContextManager.<clinit>(TestContextManager.java:92)
	at 	at org.junit.jupiter.engine.execution.ExtensionValuesStore.lambda$getOrComputeIfAbsent$4(ExtensionValuesStore.java:86)
	at 	at org.junit.jupiter.engine.execution.ExtensionValuesStore$MemoizingSupplier.computeValue(ExtensionValuesStore.java:223)
	at 	at org.junit.jupiter.engine.execution.ExtensionValuesStore$MemoizingSupplier.get(ExtensionValuesStore.java:211)
	at 	at org.junit.jupiter.engine.execution.ExtensionValuesStore$StoredValue.evaluate(ExtensionValuesStore.java:191)
	at 	at org.junit.jupiter.engine.execution.ExtensionValuesStore$StoredValue.access$100(ExtensionValuesStore.java:171)
	at 	at org.junit.jupiter.engine.execution.ExtensionValuesStore.getOrComputeIfAbsent(ExtensionValuesStore.java:89)
	at 	at org.junit.jupiter.engine.execution.ExtensionValuesStore.getOrComputeIfAbsent(ExtensionValuesStore.java:93)
	at 	at org.junit.jupiter.engine.execution.NamespaceAwareStore.getOrComputeIfAbsent(NamespaceAwareStore.java:61)
	at 	at org.springframework.test.context.junit.jupiter.SpringExtension.getTestContextManager(SpringExtension.java:294)
	at 	at org.springframework.test.context.junit.jupiter.SpringExtension.beforeAll(SpringExtension.java:113)
	at 	at org.junit.jupiter.engine.descriptor.ClassBasedTestDescriptor.lambda$invokeBeforeAllCallbacks$10(ClassBasedTestDescriptor.java:381)
	at 	at org.junit.platform.engine.support.hierarchical.ThrowableCollector.execute(ThrowableCollector.java:73)
	at 	at org.junit.jupiter.engine.descriptor.ClassBasedTestDescriptor.invokeBeforeAllCallbacks(ClassBasedTestDescriptor.java:381)
	at 	at org.junit.jupiter.engine.descriptor.ClassBasedTestDescriptor.before(ClassBasedTestDescriptor.java:205)
	at 	at org.junit.jupiter.engine.descriptor.ClassBasedTestDescriptor.before(ClassBasedTestDescriptor.java:80)
	at 	at org.junit.platform.engine.support.hierarchical.NodeTestTask.lambda$executeRecursively$6(NodeTestTask.java:148)
	at 	at org.junit.platform.engine.support.hierarchical.ThrowableCollector.execute(ThrowableCollector.java:73)
	at 	at org.junit.platform.engine.support.hierarchical.NodeTestTask.lambda$executeRecursively$8(NodeTestTask.java:141)
	at 	at org.junit.platform.engine.support.hierarchical.Node.around(Node.java:137)
	at 	at org.junit.platform.engine.support.hierarchical.NodeTestTask.lambda$executeRecursively$9(NodeTestTask.java:139)
	at 	at org.junit.platform.engine.support.hierarchical.ThrowableCollector.execute(ThrowableCollector.java:73)
	at 	at org.junit.platform.engine.support.hierarchical.NodeTestTask.executeRecursively(NodeTestTask.java:138)
	at 	at org.junit.platform.engine.support.hierarchical.NodeTestTask.execute(NodeTestTask.java:95)
	at 	at java.base/java.util.ArrayList.forEach(ArrayList.java:1541)
	at 	at org.junit.platform.engine.support.hierarchical.SameThreadHierarchicalTestExecutorService.invokeAll(SameThreadHierarchicalTestExecutorService.java:41)
	at 	at org.junit.platform.engine.support.hierarchical.NodeTestTask.lambda$executeRecursively$6(NodeTestTask.java:155)
	at 	at org.junit.platform.engine.support.hierarchical.ThrowableCollector.execute(ThrowableCollector.java:73)
	at 	at org.junit.platform.engine.support.hierarchical.NodeTestTask.lambda$executeRecursively$8(NodeTestTask.java:141)
	at 	at org.junit.platform.engine.support.hierarchical.Node.around(Node.java:137)
	at 	at org.junit.platform.engine.support.hierarchical.NodeTestTask.lambda$executeRecursively$9(NodeTestTask.java:139)
	at 	at org.junit.platform.engine.support.hierarchical.ThrowableCollector.execute(ThrowableCollector.java:73)
	at 	at org.junit.platform.engine.support.hierarchical.NodeTestTask.executeRecursively(NodeTestTask.java:138)
	at 	at org.junit.platform.engine.support.hierarchical.NodeTestTask.execute(NodeTestTask.java:95)
	at 	at org.junit.platform.engine.support.hierarchical.SameThreadHierarchicalTestExecutorService.submit(SameThreadHierarchicalTestExecutorService.java:35)
	at 	at org.junit.platform.engine.support.hierarchical.HierarchicalTestExecutor.execute(HierarchicalTestExecutor.java:57)
	at 	at org.junit.platform.engine.support.hierarchical.HierarchicalTestEngine.execute(HierarchicalTestEngine.java:54)
	at 	at org.junit.platform.launcher.core.EngineExecutionOrchestrator.execute(EngineExecutionOrchestrator.java:107)
	at 	at org.junit.platform.launcher.core.EngineExecutionOrchestrator.execute(EngineExecutionOrchestrator.java:88)
	at 	at org.junit.platform.launcher.core.EngineExecutionOrchestrator.lambda$execute$0(EngineExecutionOrchestrator.java:54)
	at 	at org.junit.platform.launcher.core.EngineExecutionOrchestrator.withInterceptedStreams(EngineExecutionOrchestrator.java:67)
	at 	at org.junit.platform.launcher.core.EngineExecutionOrchestrator.execute(EngineExecutionOrchestrator.java:52)
	at 	at org.junit.platform.launcher.core.DefaultLauncher.execute(DefaultLauncher.java:114)
	at 	at org.junit.platform.launcher.core.DefaultLauncher.execute(DefaultLauncher.java:86)
	at 	at org.junit.platform.launcher.core.DefaultLauncherSession$DelegatingLauncher.execute(DefaultLauncherSession.java:86)
	at 	at org.junit.platform.launcher.core.SessionPerRequestLauncher.execute(SessionPerRequestLauncher.java:53)
	at 	at org.apache.maven.surefire.junitplatform.JUnitPlatformProvider.execute(JUnitPlatformProvider.java:188)
	at 	at org.apache.maven.surefire.junitplatform.JUnitPlatformProvider.invokeAllTests(JUnitPlatformProvider.java:154)
	at 	at org.apache.maven.surefire.junitplatform.JUnitPlatformProvider.invoke(JUnitPlatformProvider.java:128)
	at 	at org.apache.maven.surefire.booter.ForkedBooter.runSuitesInProcess(ForkedBooter.java:428)
	at 	at org.apache.maven.surefire.booter.ForkedBooter.execute(ForkedBooter.java:162)
	at 	at org.apache.maven.surefire.booter.ForkedBooter.run(ForkedBooter.java:562)
	at 	at org.apache.maven.surefire.booter.ForkedBooter.main(ForkedBooter.java:548)
13:21:28,234 |-INFO in ch.qos.logback.classic.joran.action.LoggerAction - Setting level of logger [BUSINESS_LOGGER] to INFO
13:21:28,234 |-INFO in ch.qos.logback.classic.joran.action.LoggerAction - Setting additivity of logger [BUSINESS_LOGGER] to false
13:21:28,234 |-INFO in ch.qos.logback.core.joran.action.AppenderRefAction - Attaching appender named [amqp-business-events] to Logger[BUSINESS_LOGGER]
13:21:28,235 |-INFO in ch.qos.logback.core.joran.action.AppenderAction - About to instantiate appender of type [ch.qos.logback.core.ConsoleAppender]
13:21:28,238 |-INFO in ch.qos.logback.core.joran.action.AppenderAction - Naming appender as [STDOUT]
13:21:28,238 |-INFO in ch.qos.logback.core.joran.action.NestedComplexPropertyIA - Assuming default type [ch.qos.logback.classic.encoder.PatternLayoutEncoder] for [encoder] property
13:21:28,245 |-INFO in ch.qos.logback.classic.joran.action.RootLoggerAction - Setting level of ROOT logger to INFO
13:21:28,245 |-INFO in ch.qos.logback.core.joran.action.AppenderRefAction - Attaching appender named [STDOUT] to Logger[ROOT]
13:21:28,245 |-INFO in ch.qos.logback.classic.joran.action.ConfigurationAction - End of configuration.
13:21:28,246 |-INFO in ch.qos.logback.classic.joran.JoranConfigurator@290964bd - Registering current configuration as safe fallback point

2022-04-20 13:21:28.327 [main] INFO  o.s.b.t.c.SpringBootTestContextBootstrapper - Neither @ContextConfiguration nor @ContextHierarchy found for test class [com.farao_community.farao.cse_valid.app.CseValidListenerTest], using SpringBootContextLoader
2022-04-20 13:21:28.336 [main] INFO  o.s.t.c.s.AbstractContextLoader - Could not detect default resource locations for test class [com.farao_community.farao.cse_valid.app.CseValidListenerTest]: no resource found for suffixes {-context.xml, Context.groovy}.
2022-04-20 13:21:28.478 [main] INFO  o.s.b.t.c.SpringBootTestContextBootstrapper - Found @SpringBootConfiguration com.farao_community.farao.cse_valid.app.CseValidApplication for test class com.farao_community.farao.cse_valid.app.CseValidListenerTest
2022-04-20 13:21:28.666 [main] INFO  o.s.b.t.c.SpringBootTestContextBootstrapper - Loaded default TestExecutionListener class names from location [META-INF/spring.factories]: [org.springframework.boot.test.mock.mockito.MockitoTestExecutionListener, org.springframework.boot.test.mock.mockito.ResetMocksTestExecutionListener, org.springframework.boot.test.autoconfigure.restdocs.RestDocsTestExecutionListener, org.springframework.boot.test.autoconfigure.web.client.MockRestServiceServerResetTestExecutionListener, org.springframework.boot.test.autoconfigure.web.servlet.MockMvcPrintOnlyOnFailureTestExecutionListener, org.springframework.boot.test.autoconfigure.web.servlet.WebDriverTestExecutionListener, org.springframework.boot.test.autoconfigure.webservices.client.MockWebServiceServerTestExecutionListener, org.springframework.test.context.web.ServletTestExecutionListener, org.springframework.test.context.support.DirtiesContextBeforeModesTestExecutionListener, org.springframework.test.context.event.ApplicationEventsTestExecutionListener, org.springframework.test.context.support.DependencyInjectionTestExecutionListener, org.springframework.test.context.support.DirtiesContextTestExecutionListener, org.springframework.test.context.transaction.TransactionalTestExecutionListener, org.springframework.test.context.jdbc.SqlScriptsTestExecutionListener, org.springframework.test.context.event.EventPublishingTestExecutionListener]
2022-04-20 13:21:28.694 [main] INFO  o.s.b.t.c.SpringBootTestContextBootstrapper - Using TestExecutionListeners: [org.springframework.test.context.web.ServletTestExecutionListener@38cbc9a7, org.springframework.test.context.support.DirtiesContextBeforeModesTestExecutionListener@1006fe59, org.springframework.test.context.event.ApplicationEventsTestExecutionListener@3dacb927, org.springframework.boot.test.mock.mockito.MockitoTestExecutionListener@5d7b361, org.springframework.boot.test.autoconfigure.SpringBootDependencyInjectionTestExecutionListener@6337c48d, org.springframework.test.context.support.DirtiesContextTestExecutionListener@44640a84, org.springframework.test.context.transaction.TransactionalTestExecutionListener@1c59f6ae, org.springframework.test.context.jdbc.SqlScriptsTestExecutionListener@24ad12ff, org.springframework.test.context.event.EventPublishingTestExecutionListener@7963a94b, org.springframework.boot.test.mock.mockito.ResetMocksTestExecutionListener@1db7acc9, org.springframework.boot.test.autoconfigure.restdocs.RestDocsTestExecutionListener@4e08c557, org.springframework.boot.test.autoconfigure.web.client.MockRestServiceServerResetTestExecutionListener@27e1c83, org.springframework.boot.test.autoconfigure.web.servlet.MockMvcPrintOnlyOnFailureTestExecutionListener@66b3c476, org.springframework.boot.test.autoconfigure.web.servlet.WebDriverTestExecutionListener@46c2ed8d, org.springframework.boot.test.autoconfigure.webservices.client.MockWebServiceServerTestExecutionListener@4ee8ba7f]

  .   ____          _            __ _ _
 /\\ / ___'_ __ _ _(_)_ __  __ _ \ \ \ \
( ( )\___ | '_ | '_| | '_ \/ _` | \ \ \ \
 \\/  ___)| |_)| | | | | || (_| |  ) ) ) )
  '  |____| .__|_| |_|_| |_\__, | / / / /
 =========|_|==============|___/=/_/_/_/
 :: Spring Boot ::                (v2.6.2)

2022-04-20 13:21:29.269 [main] INFO  c.f.f.c.app.CseValidListenerTest - Starting CseValidListenerTest using Java 11.0.15 on fv-az183-780 with PID 5338 (started by runner in /home/runner/work/gridcapa-cse-valid/gridcapa-cse-valid/gridcapa-cse-valid-app)
2022-04-20 13:21:29.270 [main] INFO  c.f.f.c.app.CseValidListenerTest - No active profile set, falling back to default profiles: default
2022-04-20 13:21:29.416 [background-preinit] INFO  o.h.validator.internal.util.Version - HV000001: Hibernate Validator 6.2.0.Final
2022-04-20 13:21:30.914 [main] INFO  o.s.i.c.DefaultConfiguringBeanFactoryPostProcessor - No bean named 'errorChannel' has been explicitly defined. Therefore, a default PublishSubscribeChannel will be created.
2022-04-20 13:21:30.940 [main] INFO  o.s.i.c.DefaultConfiguringBeanFactoryPostProcessor - No bean named 'integrationHeaderChannelRegistry' has been explicitly defined. Therefore, a default DefaultHeaderChannelRegistry will be created.
2022-04-20 13:21:33.516 [main] INFO  o.s.c.s.PostProcessorRegistrationDelegate$BeanPostProcessorChecker - Bean 'org.springframework.cloud.stream.config.BindersHealthIndicatorAutoConfiguration' of type [org.springframework.cloud.stream.config.BindersHealthIndicatorAutoConfiguration] is not eligible for getting processed by all BeanPostProcessors (for example: not eligible for auto-proxying)
2022-04-20 13:21:33.538 [main] INFO  o.s.c.s.PostProcessorRegistrationDelegate$BeanPostProcessorChecker - Bean 'bindersHealthContributor' of type [org.springframework.cloud.stream.config.BindersHealthIndicatorAutoConfiguration$BindersHealthContributor] is not eligible for getting processed by all BeanPostProcessors (for example: not eligible for auto-proxying)
2022-04-20 13:21:33.549 [main] INFO  o.s.c.s.PostProcessorRegistrationDelegate$BeanPostProcessorChecker - Bean 'bindersHealthIndicatorListener' of type [org.springframework.cloud.stream.config.BindersHealthIndicatorAutoConfiguration$BindersHealthIndicatorListener] is not eligible for getting processed by all BeanPostProcessors (for example: not eligible for auto-proxying)
2022-04-20 13:21:33.615 [main] INFO  o.s.c.s.PostProcessorRegistrationDelegate$BeanPostProcessorChecker - Bean 'org.springframework.integration.config.IntegrationManagementConfiguration' of type [org.springframework.integration.config.IntegrationManagementConfiguration] is not eligible for getting processed by all BeanPostProcessors (for example: not eligible for auto-proxying)
2022-04-20 13:21:33.684 [main] INFO  o.s.c.s.PostProcessorRegistrationDelegate$BeanPostProcessorChecker - Bean 'integrationChannelResolver' of type [org.springframework.integration.support.channel.BeanFactoryChannelResolver] is not eligible for getting processed by all BeanPostProcessors (for example: not eligible for auto-proxying)
2022-04-20 13:21:37.683 [main] INFO  o.s.c.f.c.c.BeanFactoryAwareFunctionRegistry - Can't determine default function definition. Please use 'spring.cloud.function.definition' property to explicitly define it.
2022-04-20 13:21:37.929 [main] INFO  o.s.b.a.e.web.EndpointLinksResolver - Exposing 1 endpoint(s) beneath base path '/actuator'
2022-04-20 13:21:38.153 [main] INFO  o.s.i.endpoint.EventDrivenConsumer - Adding {logging-channel-adapter:_org.springframework.integration.errorLogger} as a subscriber to the 'errorChannel' channel
2022-04-20 13:21:38.153 [main] INFO  o.s.i.c.PublishSubscribeChannel - Channel 'application.errorChannel' has 1 subscriber(s).
2022-04-20 13:21:38.153 [main] INFO  o.s.i.endpoint.EventDrivenConsumer - started bean '_org.springframework.integration.errorLogger'
2022-04-20 13:21:38.154 [main] INFO  o.s.a.r.c.CachingConnectionFactory - Attempting to connect to: [localhost:5672]
2022-04-20 13:21:38.162 [main] INFO  o.s.a.r.l.DirectReplyToMessageListenerContainer - Broker not available; cannot force queue declarations during start: java.net.ConnectException: Connection refused (Connection refused)
2022-04-20 13:21:38.173 [main] INFO  o.s.a.r.l.DirectReplyToMessageListenerContainer - Container initialized for queues: [amq.rabbitmq.reply-to]
2022-04-20 13:21:38.174 [main] INFO  o.s.a.r.c.CachingConnectionFactory - Attempting to connect to: [localhost:5672]
2022-04-20 13:21:38.175 [main] INFO  o.s.a.r.l.SimpleMessageListenerContainer - Broker not available; cannot force queue declarations during start: java.net.ConnectException: Connection refused (Connection refused)
2022-04-20 13:21:38.183 [messageListenerContainer-1] INFO  o.s.a.r.c.CachingConnectionFactory - Attempting to connect to: [localhost:5672]
2022-04-20 13:21:38.189 [messageListenerContainer-1] ERROR o.s.a.r.l.SimpleMessageListenerContainer - Failed to check/redeclare auto-delete queue(s).
org.springframework.amqp.AmqpConnectException: java.net.ConnectException: Connection refused (Connection refused)
	at org.springframework.amqp.rabbit.support.RabbitExceptionTranslator.convertRabbitAccessException(RabbitExceptionTranslator.java:61)
	at org.springframework.amqp.rabbit.connection.AbstractConnectionFactory.createBareConnection(AbstractConnectionFactory.java:602)
	at org.springframework.amqp.rabbit.connection.CachingConnectionFactory.createConnection(CachingConnectionFactory.java:724)
	at org.springframework.amqp.rabbit.connection.ConnectionFactoryUtils.createConnection(ConnectionFactoryUtils.java:252)
	at org.springframework.amqp.rabbit.core.RabbitTemplate.doExecute(RabbitTemplate.java:2165)
	at org.springframework.amqp.rabbit.core.RabbitTemplate.execute(RabbitTemplate.java:2138)
	at org.springframework.amqp.rabbit.core.RabbitTemplate.execute(RabbitTemplate.java:2118)
	at org.springframework.amqp.rabbit.core.RabbitAdmin.getQueueInfo(RabbitAdmin.java:463)
	at org.springframework.amqp.rabbit.core.RabbitAdmin.getQueueProperties(RabbitAdmin.java:447)
	at org.springframework.amqp.rabbit.listener.AbstractMessageListenerContainer.attemptDeclarations(AbstractMessageListenerContainer.java:1925)
	at org.springframework.amqp.rabbit.listener.AbstractMessageListenerContainer.redeclareElementsIfNecessary(AbstractMessageListenerContainer.java:1906)
	at org.springframework.amqp.rabbit.listener.SimpleMessageListenerContainer$AsyncMessageProcessingConsumer.initialize(SimpleMessageListenerContainer.java:1349)
	at org.springframework.amqp.rabbit.listener.SimpleMessageListenerContainer$AsyncMessageProcessingConsumer.run(SimpleMessageListenerContainer.java:1195)
	at java.base/java.lang.Thread.run(Thread.java:829)
Caused by: java.net.ConnectException: Connection refused (Connection refused)
	at java.base/java.net.PlainSocketImpl.socketConnect(Native Method)
	at java.base/java.net.AbstractPlainSocketImpl.doConnect(AbstractPlainSocketImpl.java:412)
	at java.base/java.net.AbstractPlainSocketImpl.connectToAddress(AbstractPlainSocketImpl.java:255)
	at java.base/java.net.AbstractPlainSocketImpl.connect(AbstractPlainSocketImpl.java:237)
	at java.base/java.net.SocksSocketImpl.connect(SocksSocketImpl.java:392)
	at java.base/java.net.Socket.connect(Socket.java:615)
	at com.rabbitmq.client.impl.SocketFrameHandlerFactory.create(SocketFrameHandlerFactory.java:60)
	at com.rabbitmq.client.ConnectionFactory.newConnection(ConnectionFactory.java:1223)
	at com.rabbitmq.client.ConnectionFactory.newConnection(ConnectionFactory.java:1173)
	at org.springframework.amqp.rabbit.connection.AbstractConnectionFactory.connectAddresses(AbstractConnectionFactory.java:640)
	at org.springframework.amqp.rabbit.connection.AbstractConnectionFactory.connect(AbstractConnectionFactory.java:615)
	at org.springframework.amqp.rabbit.connection.AbstractConnectionFactory.createBareConnection(AbstractConnectionFactory.java:565)
	... 12 common frames omitted
2022-04-20 13:21:38.194 [messageListenerContainer-1] INFO  o.s.a.r.c.CachingConnectionFactory - Attempting to connect to: [localhost:5672]
2022-04-20 13:21:38.214 [main] INFO  c.f.f.c.app.CseValidListenerTest - Started CseValidListenerTest in 9.451 seconds (JVM running for 12.522)
2022-04-20 13:21:38.557 [main] INFO  c.f.f.cse_valid.app.CseValidListener - Cse valid request received: com.farao_community.farao.cse_valid.api.resource.CseValidRequest@539c1ac5
2022-04-20 13:21:38.590 [main] INFO  c.f.f.cse_valid.app.CseValidListener - Cse valid response sent: com.farao_community.farao.cse_valid.api.resource.CseValidResponse@8482634
]]></system-out>
  </testcase>
  <testcase name="checkThatInvalidMessageReturnsError" classname="com.farao_community.farao.cse_valid.app.CseValidListenerTest" time="0.015"/>
</testsuite>